  Main.cpp
C:\ПРОГРАММЫ\Zmeika\Game.hpp(18,12): warning C4244: аргумент: преобразование "time_t" в "unsigned int", возможна потеря данных
C:\ПРОГРАММЫ\Zmeika\Game.hpp(147,60): warning C4244: аргумент: преобразование "int" в "float", возможна потеря данных
C:\ПРОГРАММЫ\Zmeika\Game.hpp(147,37): warning C4244: аргумент: преобразование "int" в "float", возможна потеря данных
C:\ПРОГРАММЫ\Zmeika\Game.hpp(150,59): warning C4244: аргумент: преобразование "int" в "float", возможна потеря данных
C:\ПРОГРАММЫ\Zmeika\Game.hpp(150,36): warning C4244: аргумент: преобразование "int" в "float", возможна потеря данных
C:\ПРОГРАММЫ\Zmeika\Game.hpp(155,43): warning C4244: аргумент: преобразование "int" в "float", возможна потеря данных
C:\ПРОГРАММЫ\Zmeika\Game.hpp(155,28): warning C4244: аргумент: преобразование "int" в "float", возможна потеря данных
C:\ПРОГРАММЫ\Zmeika\Game.hpp(197,65): warning C4244: аргумент: преобразование "int" в "float", возможна потеря данных
C:\ПРОГРАММЫ\Zmeika\Game.hpp(197,40): warning C4244: аргумент: преобразование "int" в "float", возможна потеря данных
C:\ПРОГРАММЫ\Zmeika\Game.hpp(139,79): warning C4390: ";": обнаружен пустой контролируемый оператор; это правильно?
C:\ПРОГРАММЫ\Zmeika\Game.hpp(242,62): warning C4244: аргумент: преобразование "int" в "float", возможна потеря данных
C:\ПРОГРАММЫ\Zmeika\Game.hpp(242,39): warning C4244: аргумент: преобразование "int" в "float", возможна потеря данных
C:\ПРОГРАММЫ\Zmeika\Game.hpp(245,61): warning C4244: аргумент: преобразование "int" в "float", возможна потеря данных
C:\ПРОГРАММЫ\Zmeika\Game.hpp(245,38): warning C4244: аргумент: преобразование "int" в "float", возможна потеря данных
C:\ПРОГРАММЫ\Zmeika\Game.hpp(261,66): warning C4244: аргумент: преобразование "int" в "float", возможна потеря данных
C:\ПРОГРАММЫ\Zmeika\Game.hpp(261,41): warning C4244: аргумент: преобразование "int" в "float", возможна потеря данных
C:\ПРОГРАММЫ\Zmeika\Game.hpp(273,58): warning C4244: =: преобразование "T" в "T", возможна потеря данных
          with
          [
              T=int
          ]
          and
          [
              T=float
          ]
C:\ПРОГРАММЫ\Zmeika\Game.hpp(274,58): warning C4244: =: преобразование "T" в "T", возможна потеря данных
          with
          [
              T=int
          ]
          and
          [
              T=float
          ]
C:\ПРОГРАММЫ\Zmeika\Main.cpp(101,57): warning C4244: =: преобразование "T" в "T", возможна потеря данных
          with
          [
              T=int
          ]
          and
          [
              T=float
          ]
C:\ПРОГРАММЫ\Zmeika\Main.cpp(102,57): warning C4244: =: преобразование "T" в "T", возможна потеря данных
          with
          [
              T=int
          ]
          and
          [
              T=float
          ]
  Zmeika.vcxproj -> C:\ПРОГРАММЫ\Zmeika\x64\Debug\Zmeika.exe
